<?xml version="1.0" encoding="UTF-8"?>
<!-- Generated by org.testng.reporters.JUnitReportReporter -->
<testsuite skipped="0" hostname="EPUALVIW0190" name="com.epam.appium.WinAppDriverCalculator.CalculatorTest" tests="1" failures="0" timestamp="21 Jul 2018 13:21:41 GMT" time="35.685" errors="0">
  <testcase name="testApp" time="35.685" classname="com.epam.appium.WinAppDriverCalculator.CalculatorTest"/>
</testsuite> <!-- com.epam.appium.WinAppDriverCalculator.CalculatorTest -->
